#
# A fatal error has been detected by the Java Runtime Environment:
#
#  EXCEPTION_ACCESS_VIOLATION (0xc0000005) at pc=0x00000000580f718c, pid=19252, tid=0x0000000000003de4
#
# JRE version: Java(TM) SE Runtime Environment (8.0_251-b08) (build 1.8.0_251-b08)
# Java VM: Java HotSpot(TM) 64-Bit Server VM (25.251-b08 mixed mode windows-amd64 compressed oops)
# Problematic frame:
# V  [jvm.dll+0xf718c]
#
# Failed to write core dump. Minidumps are not enabled by default on client versions of Windows
#
# If you would like to submit a bug report, please visit:
#   http://bugreport.java.com/bugreport/crash.jsp
#

---------------  T H R E A D  ---------------

Current thread (0x000000001c8a5800):  VMThread [stack: 0x000000001e570000,0x000000001e670000] [id=15844]

siginfo: ExceptionCode=0xc0000005, reading address 0xffffffffffffffff

Registers:
RAX=0x0800010000000006, RBX=0x0000000002bb5170, RCX=0x00000000000000f9, RDX=0x000000000000002c
RSP=0x000000001e66f3d8, RBP=0x000000001e66f4e0, RSI=0x00000000000000bb, RDI=0x000000000000002c
R8 =0x0000000002b8b570, R9 =0x0000000000000003, R10=0x0000000000000003, R11=0x0000000025e6ed40
R12=0x000000001e66f570, R13=0x000000001e66f560, R14=0x0000000000000000, R15=0x0000000000000000
RIP=0x00000000580f718c, EFLAGS=0x0000000000010202

Top of Stack: (sp=0x000000001e66f3d8)
0x000000001e66f3d8:   00000000581d5286 0800010000000006
0x000000001e66f3e8:   000000000000002c 00000000000000bb
0x000000001e66f3f8:   0000000023f25f10 0000000003c58bc8
0x000000001e66f408:   0000000003c58988 0000000003c589e0
0x000000001e66f418:   00000000583032ee 0000000003c58bc7
0x000000001e66f428:   00000000585e000a 000000001e66f428
0x000000001e66f438:   0000000058010000 0000000003c589e0
0x000000001e66f448:   0000000058091b5d 00003bc9d504acf4
0x000000001e66f458:   0000000003c589e0 00000000000302e8
0x000000001e66f468:   0000000023f2db80 0000000002e961a0
0x000000001e66f478:   0000000058092284 0000000002c5d820
0x000000001e66f488:   000000005809fd4e 0000000023f2def8
0x000000001e66f498:   0000000000000218 0000000023f25f10
0x000000001e66f4a8:   000000005809ff0b 0000000000000000
0x000000001e66f4b8:   00000000580a002d 000000001e66f580
0x000000001e66f4c8:   0000000003c58850 0000000025e029b0 

Instructions: (pc=0x00000000580f718c)
0x00000000580f716c:   5f c3 cc cc 48 63 c2 48 8b 44 c1 50 48 89 44 24
0x00000000580f717c:   08 48 8b 44 24 08 0f b6 c8 f6 d1 f6 c1 01 74 05
0x00000000580f718c:   48 8b 40 10 c3 48 83 e0 fe c3 cc cc cc cc cc cc
0x00000000580f719c:   cc cc cc cc 48 89 54 24 10 49 63 c0 48 8b 44 c1 


Register to memory mapping:

RAX=0x0800010000000006 is an unknown value
RBX=0x0000000002bb5170 is an unknown value
RCX=0x00000000000000f9 is an unknown value
RDX=0x000000000000002c is an unknown value
RSP=0x000000001e66f3d8 is an unknown value
RBP=0x000000001e66f4e0 is an unknown value
RSI=0x00000000000000bb is an unknown value
RDI=0x000000000000002c is an unknown value
R8 =0x0000000002b8b570 is an unknown value
R9 =0x0000000000000003 is an unknown value
R10=0x0000000000000003 is an unknown value
R11=0x0000000025e6ed40 is pointing into metadata
R12=0x000000001e66f570 is an unknown value
R13=0x000000001e66f560 is an unknown value
R14=0x0000000000000000 is an unknown value
R15=0x0000000000000000 is an unknown value


Stack: [0x000000001e570000,0x000000001e670000],  sp=0x000000001e66f3d8,  free space=1020k
Native frames: (J=compiled Java code, j=interpreted, Vv=VM code, C=native code)
V  [jvm.dll+0xf718c]

VM_Operation (0x000000001f3af710): RedefineClasses, mode: safepoint, requested by thread 0x000000001e6b3800, redefining class com.dnajerao.controllers.ApiController



---------------  P R O C E S S  ---------------

Java Threads: ( => current thread )
  0x0000000023ca4800 JavaThread "http-nio-8080-Acceptor" daemon [_thread_in_native, id=14516, stack(0x0000000026e90000,0x0000000026f90000)]
  0x0000000023c98000 JavaThread "http-nio-8080-ClientPoller" daemon [_thread_in_native, id=9972, stack(0x0000000026990000,0x0000000026a90000)]
  0x0000000023c9e800 JavaThread "http-nio-8080-exec-10" daemon [_thread_blocked, id=19468, stack(0x0000000026890000,0x0000000026990000)]
  0x0000000023c9b000 JavaThread "http-nio-8080-exec-9" daemon [_thread_blocked, id=22064, stack(0x0000000026790000,0x0000000026890000)]
  0x0000000023c97000 JavaThread "http-nio-8080-exec-8" daemon [_thread_blocked, id=21592, stack(0x0000000026690000,0x0000000026790000)]
  0x0000000023c9a000 JavaThread "http-nio-8080-exec-7" daemon [_thread_blocked, id=22060, stack(0x0000000026590000,0x0000000026690000)]
  0x0000000023c99800 JavaThread "http-nio-8080-exec-6" daemon [_thread_blocked, id=18996, stack(0x0000000026490000,0x0000000026590000)]
  0x0000000023c9e000 JavaThread "http-nio-8080-exec-5" daemon [_thread_blocked, id=19540, stack(0x0000000026390000,0x0000000026490000)]
  0x0000000023c96800 JavaThread "http-nio-8080-exec-4" daemon [_thread_blocked, id=22852, stack(0x0000000026290000,0x0000000026390000)]
  0x0000000023c9d000 JavaThread "http-nio-8080-exec-3" daemon [_thread_blocked, id=9916, stack(0x0000000026190000,0x0000000026290000)]
  0x0000000023c9c800 JavaThread "http-nio-8080-exec-2" daemon [_thread_blocked, id=15496, stack(0x0000000026090000,0x0000000026190000)]
  0x0000000023c9b800 JavaThread "http-nio-8080-exec-1" daemon [_thread_blocked, id=8120, stack(0x0000000025f90000,0x0000000026090000)]
  0x0000000023c98800 JavaThread "http-nio-8080-BlockPoller" daemon [_thread_in_native, id=22120, stack(0x0000000025590000,0x0000000025690000)]
  0x0000000021e38000 JavaThread "File Watcher" daemon [_thread_blocked, id=11300, stack(0x0000000024890000,0x0000000024990000)]
  0x0000000021e36800 JavaThread "HikariPool-5 connection adder" daemon [_thread_blocked, id=9272, stack(0x0000000024790000,0x0000000024890000)]
  0x0000000021e37000 JavaThread "container-0" [_thread_blocked, id=15944, stack(0x0000000024690000,0x0000000024790000)]
  0x0000000021e34000 JavaThread "Catalina-utility-2" [_thread_blocked, id=18708, stack(0x0000000024590000,0x0000000024690000)]
  0x0000000021e39000 JavaThread "Catalina-utility-1" [_thread_blocked, id=17596, stack(0x00000000224c0000,0x00000000225c0000)]
  0x0000000021e35800 JavaThread "HikariPool-5 housekeeper" daemon [_thread_blocked, id=16800, stack(0x00000000221c0000,0x00000000222c0000)]
  0x0000000023ca4000 JavaThread "DestroyJavaVM" [_thread_blocked, id=15656, stack(0x0000000002a60000,0x0000000002b60000)]
  0x0000000021e39800 JavaThread "Live Reload Server" daemon [_thread_in_native, id=3556, stack(0x0000000025690000,0x0000000025790000)]
  0x000000001fa2f800 JavaThread "JMX server connection timeout 21" daemon [_thread_blocked, id=13700, stack(0x0000000020cb0000,0x0000000020db0000)]
  0x000000001fa69800 JavaThread "RMI TCP Connection(idle)" daemon [_thread_blocked, id=22264, stack(0x0000000020bb0000,0x0000000020cb0000)]
  0x000000001fa5c800 JavaThread "RMI Scheduler(0)" daemon [_thread_blocked, id=5200, stack(0x00000000209b0000,0x0000000020ab0000)]
  0x000000001f9f9000 JavaThread "RMI TCP Accept-0" daemon [_thread_in_native, id=17104, stack(0x00000000206b0000,0x00000000207b0000)]
  0x000000001f9a8000 JavaThread "RMI TCP Accept-53260" daemon [_thread_in_native, id=1532, stack(0x00000000203b0000,0x00000000204b0000)]
  0x000000001f9a5000 JavaThread "RMI TCP Accept-0" daemon [_thread_in_native, id=3544, stack(0x00000000202b0000,0x00000000203b0000)]
  0x000000001f6b5000 JavaThread "Service Thread" daemon [_thread_blocked, id=18540, stack(0x00000000201b0000,0x00000000202b0000)]
  0x000000001f6aa000 JavaThread "C1 CompilerThread3" daemon [_thread_blocked, id=21600, stack(0x00000000200b0000,0x00000000201b0000)]
  0x000000001f6a9800 JavaThread "C2 CompilerThread2" daemon [_thread_blocked, id=19340, stack(0x000000001ffb0000,0x00000000200b0000)]
  0x000000001f6a8800 JavaThread "C2 CompilerThread1" daemon [_thread_blocked, id=19488, stack(0x000000001feb0000,0x000000001ffb0000)]
  0x000000001f6ba000 JavaThread "C2 CompilerThread0" daemon [_thread_blocked, id=22584, stack(0x000000001fdb0000,0x000000001feb0000)]
  0x000000001e6c5800 JavaThread "JDWP Command Reader" daemon [_thread_in_native, id=20604, stack(0x000000001f4b0000,0x000000001f5b0000)]
  0x000000001e6c0000 JavaThread "JDWP Event Helper Thread" daemon [_thread_blocked, id=8712, stack(0x000000001f3b0000,0x000000001f4b0000)]
  0x000000001e6b3800 JavaThread "JDWP Transport Listener: dt_socket" daemon [_thread_blocked, id=22460, stack(0x000000001f2b0000,0x000000001f3b0000)]
  0x000000001e6aa000 JavaThread "Attach Listener" daemon [_thread_blocked, id=13800, stack(0x000000001ee70000,0x000000001ef70000)]
  0x000000001e6a9800 JavaThread "Signal Dispatcher" daemon [_thread_blocked, id=23340, stack(0x000000001ed70000,0x000000001ee70000)]
  0x000000001e690800 JavaThread "Finalizer" daemon [_thread_blocked, id=18972, stack(0x000000001eb70000,0x000000001ec70000)]
  0x000000001c8ad000 JavaThread "Reference Handler" daemon [_thread_blocked, id=23516, stack(0x000000001ea70000,0x000000001eb70000)]

Other Threads:
=>0x000000001c8a5800 VMThread [stack: 0x000000001e570000,0x000000001e670000] [id=15844]
  0x000000001fa26000 WatcherThread [stack: 0x00000000207b0000,0x00000000208b0000] [id=16408]

VM state:at safepoint (normal execution)

VM Mutex/Monitor currently owned by a thread:  ([mutex/lock_event])
[0x0000000002b63c70] Threads_lock - owner thread: 0x000000001c8a5800

heap address: 0x00000006c1400000, size: 4076 MB, Compressed Oops mode: Zero based, Oop shift amount: 3
Narrow klass base: 0x0000000000000000, Narrow klass shift: 3
Compressed class space size: 1073741824 Address: 0x00000007c0000000

Heap:
 PSYoungGen      total 430080K, used 205151K [0x000000076b180000, 0x0000000786d00000, 0x00000007c0000000)
  eden space 421376K, 48% used [0x000000076b180000,0x00000007779d7cc0,0x0000000784d00000)
  from space 8704K, 0% used [0x0000000784d00000,0x0000000784d00000,0x0000000785580000)
  to   space 16384K, 0% used [0x0000000785d00000,0x0000000785d00000,0x0000000786d00000)
 ParOldGen       total 200192K, used 24316K [0x00000006c1400000, 0x00000006cd780000, 0x000000076b180000)
  object space 200192K, 12% used [0x00000006c1400000,0x00000006c2bbf060,0x00000006cd780000)
 Metaspace       used 58278K, capacity 63104K, committed 63232K, reserved 1103872K
  class space    used 8012K, capacity 8901K, committed 8960K, reserved 1048576K

Card table byte_map: [0x0000000012210000,0x0000000012a10000] byte_map_base: 0x000000000ec06000

Marking Bits: (ParMarkBitMap*) 0x000000005882af90
 Begin Bits: [0x0000000013760000, 0x0000000017710000)
 End Bits:   [0x0000000017710000, 0x000000001b6c0000)

Polling page: 0x0000000002890000

CodeCache: size=245760Kb used=14358Kb max_used=14358Kb free=231401Kb
 bounds [0x0000000002e50000, 0x0000000003c60000, 0x0000000011e50000]
 total_blobs=7893 nmethods=7327 adapters=484
 compilation: enabled

Compilation events (10 events):
Event: 398.421 Thread 0x000000001f6aa000 7437       1       java.text.NumberFormat::getMinimumIntegerDigits (5 bytes)
Event: 398.421 Thread 0x000000001f6aa000 nmethod 7437 0x0000000003c579d0 code [0x0000000003c57b20, 0x0000000003c57c30]
Event: 398.421 Thread 0x000000001f6aa000 7438       1       java.text.NumberFormat::getMaximumFractionDigits (5 bytes)
Event: 398.421 Thread 0x000000001f6aa000 nmethod 7438 0x0000000003c57c90 code [0x0000000003c57de0, 0x0000000003c57ef0]
Event: 398.421 Thread 0x000000001f6aa000 7439       1       java.text.NumberFormat::getMinimumFractionDigits (5 bytes)
Event: 398.421 Thread 0x000000001f6aa000 nmethod 7439 0x0000000003c57f50 code [0x0000000003c580a0, 0x0000000003c581b0]
Event: 398.421 Thread 0x000000001f6aa000 7440       1       org.springframework.aop.support.AopUtils::isCglibProxy (28 bytes)
Event: 398.422 Thread 0x000000001f6aa000 nmethod 7440 0x0000000003c58210 code [0x0000000003c58380, 0x0000000003c585f8]
Event: 398.424 Thread 0x000000001f6aa000 7441       1       sun.reflect.generics.reflectiveObjects.TypeVariableImpl::equals (67 bytes)
Event: 398.425 Thread 0x000000001f6aa000 nmethod 7441 0x0000000003c58850 code [0x0000000003c589e0, 0x0000000003c58d58]

GC Heap History (10 events):
Event: 283.200 GC heap before
{Heap before GC invocations=16 (full 5):
 PSYoungGen      total 402944K, used 8400K [0x000000076b180000, 0x0000000787000000, 0x00000007c0000000)
  eden space 384512K, 0% used [0x000000076b180000,0x000000076b180000,0x0000000782900000)
  from space 18432K, 45% used [0x0000000782900000,0x00000007831343a0,0x0000000783b00000)
  to   space 17920K, 0% used [0x0000000785e80000,0x0000000785e80000,0x0000000787000000)
 ParOldGen       total 200192K, used 20094K [0x00000006c1400000, 0x00000006cd780000, 0x000000076b180000)
  object space 200192K, 10% used [0x00000006c1400000,0x00000006c279f9a8,0x00000006cd780000)
 Metaspace       used 57252K, capacity 61678K, committed 61952K, reserved 1101824K
  class space    used 7894K, capacity 8678K, committed 8704K, reserved 1048576K
Event: 283.429 GC heap after
Heap after GC invocations=16 (full 5):
 PSYoungGen      total 402944K, used 0K [0x000000076b180000, 0x0000000787000000, 0x00000007c0000000)
  eden space 384512K, 0% used [0x000000076b180000,0x000000076b180000,0x0000000782900000)
  from space 18432K, 0% used [0x0000000782900000,0x0000000782900000,0x0000000783b00000)
  to   space 17920K, 0% used [0x0000000785e80000,0x0000000785e80000,0x0000000787000000)
 ParOldGen       total 200192K, used 23848K [0x00000006c1400000, 0x00000006cd780000, 0x000000076b180000)
  object space 200192K, 11% used [0x00000006c1400000,0x00000006c2b4a0a8,0x00000006cd780000)
 Metaspace       used 57252K, capacity 61678K, committed 61952K, reserved 1101824K
  class space    used 7894K, capacity 8678K, committed 8704K, reserved 1048576K
}
Event: 362.752 GC heap before
{Heap before GC invocations=17 (full 5):
 PSYoungGen      total 402944K, used 211435K [0x000000076b180000, 0x0000000787000000, 0x00000007c0000000)
  eden space 384512K, 54% used [0x000000076b180000,0x0000000777ffaf28,0x0000000782900000)
  from space 18432K, 0% used [0x0000000782900000,0x0000000782900000,0x0000000783b00000)
  to   space 17920K, 0% used [0x0000000785e80000,0x0000000785e80000,0x0000000787000000)
 ParOldGen       total 200192K, used 23848K [0x00000006c1400000, 0x00000006cd780000, 0x000000076b180000)
  object space 200192K, 11% used [0x00000006c1400000,0x00000006c2b4a0a8,0x00000006cd780000)
 Metaspace       used 57569K, capacity 62098K, committed 62336K, reserved 1103872K
  class space    used 7924K, capacity 8737K, committed 8832K, reserved 1048576K
Event: 362.763 GC heap after
Heap after GC invocations=17 (full 5):
 PSYoungGen      total 437248K, used 8363K [0x000000076b180000, 0x0000000786e00000, 0x00000007c0000000)
  eden space 421376K, 0% used [0x000000076b180000,0x000000076b180000,0x0000000784d00000)
  from space 15872K, 52% used [0x0000000785e80000,0x00000007866aad80,0x0000000786e00000)
  to   space 16896K, 0% used [0x0000000784d00000,0x0000000784d00000,0x0000000785d80000)
 ParOldGen       total 200192K, used 23856K [0x00000006c1400000, 0x00000006cd780000, 0x000000076b180000)
  object space 200192K, 11% used [0x00000006c1400000,0x00000006c2b4c0a8,0x00000006cd780000)
 Metaspace       used 57569K, capacity 62098K, committed 62336K, reserved 1103872K
  class space    used 7924K, capacity 8737K, committed 8832K, reserved 1048576K
}
Event: 362.763 GC heap before
{Heap before GC invocations=18 (full 6):
 PSYoungGen      total 437248K, used 8363K [0x000000076b180000, 0x0000000786e00000, 0x00000007c0000000)
  eden space 421376K, 0% used [0x000000076b180000,0x000000076b180000,0x0000000784d00000)
  from space 15872K, 52% used [0x0000000785e80000,0x00000007866aad80,0x0000000786e00000)
  to   space 16896K, 0% used [0x0000000784d00000,0x0000000784d00000,0x0000000785d80000)
 ParOldGen       total 200192K, used 23856K [0x00000006c1400000, 0x00000006cd780000, 0x000000076b180000)
  object space 200192K, 11% used [0x00000006c1400000,0x00000006c2b4c0a8,0x00000006cd780000)
 Metaspace       used 57569K, capacity 62098K, committed 62336K, reserved 1103872K
  class space    used 7924K, capacity 8737K, committed 8832K, reserved 1048576K
Event: 362.986 GC heap after
Heap after GC invocations=18 (full 6):
 PSYoungGen      total 437248K, used 0K [0x000000076b180000, 0x0000000786e00000, 0x00000007c0000000)
  eden space 421376K, 0% used [0x000000076b180000,0x000000076b180000,0x0000000784d00000)
  from space 15872K, 0% used [0x0000000785e80000,0x0000000785e80000,0x0000000786e00000)
  to   space 16896K, 0% used [0x0000000784d00000,0x0000000784d00000,0x0000000785d80000)
 ParOldGen       total 200192K, used 24086K [0x00000006c1400000, 0x00000006cd780000, 0x000000076b180000)
  object space 200192K, 12% used [0x00000006c1400000,0x00000006c2b85b38,0x00000006cd780000)
 Metaspace       used 57566K, capacity 62092K, committed 62336K, reserved 1103872K
  class space    used 7923K, capacity 8735K, committed 8832K, reserved 1048576K
}
Event: 396.687 GC heap before
{Heap before GC invocations=19 (full 6):
 PSYoungGen      total 437248K, used 205457K [0x000000076b180000, 0x0000000786e00000, 0x00000007c0000000)
  eden space 421376K, 48% used [0x000000076b180000,0x0000000777a24560,0x0000000784d00000)
  from space 15872K, 0% used [0x0000000785e80000,0x0000000785e80000,0x0000000786e00000)
  to   space 16896K, 0% used [0x0000000784d00000,0x0000000784d00000,0x0000000785d80000)
 ParOldGen       total 200192K, used 24086K [0x00000006c1400000, 0x00000006cd780000, 0x000000076b180000)
  object space 200192K, 12% used [0x00000006c1400000,0x00000006c2b85b38,0x00000006cd780000)
 Metaspace       used 57991K, capacity 62754K, committed 62848K, reserved 1103872K
  class space    used 7985K, capacity 8829K, committed 8832K, reserved 1048576K
Event: 396.696 GC heap after
Heap after GC invocations=19 (full 6):
 PSYoungGen      total 430080K, used 8304K [0x000000076b180000, 0x0000000786d00000, 0x00000007c0000000)
  eden space 421376K, 0% used [0x000000076b180000,0x000000076b180000,0x0000000784d00000)
  from space 8704K, 95% used [0x0000000784d00000,0x000000078551c020,0x0000000785580000)
  to   space 16384K, 0% used [0x0000000785d00000,0x0000000785d00000,0x0000000786d00000)
 ParOldGen       total 200192K, used 24094K [0x00000006c1400000, 0x00000006cd780000, 0x000000076b180000)
  object space 200192K, 12% used [0x00000006c1400000,0x00000006c2b87b38,0x00000006cd780000)
 Metaspace       used 57991K, capacity 62754K, committed 62848K, reserved 1103872K
  class space    used 7985K, capacity 8829K, committed 8832K, reserved 1048576K
}
Event: 396.696 GC heap before
{Heap before GC invocations=20 (full 7):
 PSYoungGen      total 430080K, used 8304K [0x000000076b180000, 0x0000000786d00000, 0x00000007c0000000)
  eden space 421376K, 0% used [0x000000076b180000,0x000000076b180000,0x0000000784d00000)
  from space 8704K, 95% used [0x0000000784d00000,0x000000078551c020,0x0000000785580000)
  to   space 16384K, 0% used [0x0000000785d00000,0x0000000785d00000,0x0000000786d00000)
 ParOldGen       total 200192K, used 24094K [0x00000006c1400000, 0x00000006cd780000, 0x000000076b180000)
  object space 200192K, 12% used [0x00000006c1400000,0x00000006c2b87b38,0x00000006cd780000)
 Metaspace       used 57991K, capacity 62754K, committed 62848K, reserved 1103872K
  class space    used 7985K, capacity 8829K, committed 8832K, reserved 1048576K
Event: 396.886 GC heap after
Heap after GC invocations=20 (full 7):
 PSYoungGen      total 430080K, used 0K [0x000000076b180000, 0x0000000786d00000, 0x00000007c0000000)
  eden space 421376K, 0% used [0x000000076b180000,0x000000076b180000,0x0000000784d00000)
  from space 8704K, 0% used [0x0000000784d00000,0x0000000784d00000,0x0000000785580000)
  to   space 16384K, 0% used [0x0000000785d00000,0x0000000785d00000,0x0000000786d00000)
 ParOldGen       total 200192K, used 24316K [0x00000006c1400000, 0x00000006cd780000, 0x000000076b180000)
  object space 200192K, 12% used [0x00000006c1400000,0x00000006c2bbf060,0x00000006cd780000)
 Metaspace       used 57989K, capacity 62748K, committed 62848K, reserved 1103872K
  class space    used 7984K, capacity 8827K, committed 8832K, reserved 1048576K
}

Deoptimization events (0 events):
No events

Classes redefined (10 events):
Event: 189.581 Thread 0x000000001c8a5800 redefined class name=com.dnajerao.SwaggerConfig, count=1
Event: 280.565 Thread 0x000000001c8a5800 redefined class name=com.dnajerao.SwaggerConfig, count=2
Event: 280.590 Thread 0x000000001c8a5800 redefined class name=com.dnajerao.SwaggerConfig, count=1
Event: 360.681 Thread 0x000000001c8a5800 redefined class name=com.dnajerao.controllers.ApiController, count=1
Event: 360.704 Thread 0x000000001c8a5800 redefined class name=com.dnajerao.controllers.ApiController, count=1
Event: 360.727 Thread 0x000000001c8a5800 redefined class name=com.dnajerao.controllers.ApiController, count=1
Event: 394.963 Thread 0x000000001c8a5800 redefined class name=com.dnajerao.controllers.ApiController, count=1
Event: 394.987 Thread 0x000000001c8a5800 redefined class name=com.dnajerao.controllers.ApiController, count=2
Event: 395.011 Thread 0x000000001c8a5800 redefined class name=com.dnajerao.controllers.ApiController, count=2
Event: 395.035 Thread 0x000000001c8a5800 redefined class name=com.dnajerao.controllers.ApiController, count=2

Internal exceptions (10 events):
Event: 398.298 Thread 0x0000000021e33800 Exception <a 'java/lang/ArrayIndexOutOfBoundsException'> (0x00000007759a2f80) thrown at [C:\jenkins\workspace\8-2-build-windows-amd64-cygwin\jdk8u251\737\hotspot\src\share\vm\runtime\sharedRuntime.cpp, line 605]
Event: 398.385 Thread 0x0000000021e33800 Exception <a 'java/lang/ArrayIndexOutOfBoundsException'> (0x0000000777442310) thrown at [C:\jenkins\workspace\8-2-build-windows-amd64-cygwin\jdk8u251\737\hotspot\src\share\vm\runtime\sharedRuntime.cpp, line 605]
Event: 398.386 Thread 0x0000000021e33800 Exception <a 'java/lang/ArrayIndexOutOfBoundsException'> (0x0000000777445688) thrown at [C:\jenkins\workspace\8-2-build-windows-amd64-cygwin\jdk8u251\737\hotspot\src\share\vm\runtime\sharedRuntime.cpp, line 605]
Event: 398.386 Thread 0x0000000021e33800 Exception <a 'java/lang/ArrayIndexOutOfBoundsException'> (0x0000000777448c78) thrown at [C:\jenkins\workspace\8-2-build-windows-amd64-cygwin\jdk8u251\737\hotspot\src\share\vm\runtime\sharedRuntime.cpp, line 605]
Event: 398.387 Thread 0x0000000021e33800 Exception <a 'java/lang/ArrayIndexOutOfBoundsException'> (0x000000077744b120) thrown at [C:\jenkins\workspace\8-2-build-windows-amd64-cygwin\jdk8u251\737\hotspot\src\share\vm\runtime\sharedRuntime.cpp, line 605]
Event: 398.387 Thread 0x0000000021e33800 Exception <a 'java/lang/ArrayIndexOutOfBoundsException'> (0x000000077744cc48) thrown at [C:\jenkins\workspace\8-2-build-windows-amd64-cygwin\jdk8u251\737\hotspot\src\share\vm\runtime\sharedRuntime.cpp, line 605]
Event: 398.387 Thread 0x0000000021e33800 Exception <a 'java/lang/ArrayIndexOutOfBoundsException'> (0x000000077744ef38) thrown at [C:\jenkins\workspace\8-2-build-windows-amd64-cygwin\jdk8u251\737\hotspot\src\share\vm\runtime\sharedRuntime.cpp, line 605]
Event: 398.391 Thread 0x0000000021e33800 Exception <a 'java/lang/ArrayIndexOutOfBoundsException'> (0x000000077747e028) thrown at [C:\jenkins\workspace\8-2-build-windows-amd64-cygwin\jdk8u251\737\hotspot\src\share\vm\runtime\sharedRuntime.cpp, line 605]
Event: 398.396 Thread 0x0000000021e33800 Exception <a 'java/lang/ArrayIndexOutOfBoundsException'> (0x00000007774951f8) thrown at [C:\jenkins\workspace\8-2-build-windows-amd64-cygwin\jdk8u251\737\hotspot\src\share\vm\runtime\sharedRuntime.cpp, line 605]
Event: 398.396 Thread 0x0000000021e33800 Exception <a 'java/lang/ArrayIndexOutOfBoundsException'> (0x0000000777496bb8) thrown at [C:\jenkins\workspace\8-2-build-windows-amd64-cygwin\jdk8u251\737\hotspot\src\share\vm\runtime\sharedRuntime.cpp, line 605]

Events (10 events):
Event: 398.420 Thread 0x0000000021e33800 DEOPT UNPACKING pc=0x0000000002e97890 sp=0x00000000221bdcb8 mode 1
Event: 398.420 Thread 0x0000000021e33800 DEOPT PACKING pc=0x00000000036363f4 sp=0x00000000221bde90
Event: 398.420 Thread 0x0000000021e33800 DEOPT UNPACKING pc=0x0000000002e97890 sp=0x00000000221bdc48 mode 1
Event: 398.420 Thread 0x0000000021e33800 DEOPT PACKING pc=0x00000000036363f4 sp=0x00000000221bde30
Event: 398.420 Thread 0x0000000021e33800 DEOPT UNPACKING pc=0x0000000002e97890 sp=0x00000000221bdbe8 mode 1
Event: 398.424 Thread 0x0000000021e33800 Thread exited: 0x0000000021e33800
Event: 398.424 Executing VM operation: RevokeBias
Event: 398.425 Executing VM operation: RevokeBias done
Event: 398.425 Thread 0x0000000021e35000 Thread exited: 0x0000000021e35000
Event: 399.108 Executing VM operation: RedefineClasses


Dynamic libraries:
0x00007ff723ad0000 - 0x00007ff723b07000 	C:\Program Files\Java\jdk1.8.0_251\bin\javaw.exe
0x00007ffd50e10000 - 0x00007ffd51005000 	C:\WINDOWS\SYSTEM32\ntdll.dll
0x00007ffd50780000 - 0x00007ffd5083d000 	C:\WINDOWS\System32\KERNEL32.DLL
0x00007ffd4e8e0000 - 0x00007ffd4eba8000 	C:\WINDOWS\System32\KERNELBASE.dll
0x00007ffd50530000 - 0x00007ffd505dc000 	C:\WINDOWS\System32\ADVAPI32.dll
0x00007ffd503e0000 - 0x00007ffd5047e000 	C:\WINDOWS\System32\msvcrt.dll
0x00007ffd4f710000 - 0x00007ffd4f7ab000 	C:\WINDOWS\System32\sechost.dll
0x00007ffd4f5c0000 - 0x00007ffd4f6eb000 	C:\WINDOWS\System32\RPCRT4.dll
0x00007ffd50bc0000 - 0x00007ffd50d60000 	C:\WINDOWS\System32\USER32.dll
0x00007ffd4ed40000 - 0x00007ffd4ed62000 	C:\WINDOWS\System32\win32u.dll
0x00007ffd50610000 - 0x00007ffd5063a000 	C:\WINDOWS\System32\GDI32.dll
0x00007ffd4ebb0000 - 0x00007ffd4ecbb000 	C:\WINDOWS\System32\gdi32full.dll
0x00007ffd4e6e0000 - 0x00007ffd4e77d000 	C:\WINDOWS\System32\msvcp_win.dll
0x00007ffd4e5b0000 - 0x00007ffd4e6b0000 	C:\WINDOWS\System32\ucrtbase.dll
0x00007ffd35000000 - 0x00007ffd3529a000 	C:\WINDOWS\WinSxS\amd64_microsoft.windows.common-controls_6595b64144ccf1df_6.0.19041.844_none_ca00b6081b84eb1d\COMCTL32.dll
0x00007ffd505e0000 - 0x00007ffd50610000 	C:\WINDOWS\System32\IMM32.DLL
0x0000000057d90000 - 0x0000000057e62000 	C:\Program Files\Java\jdk1.8.0_251\jre\bin\msvcr100.dll
0x0000000058000000 - 0x00000000588ab000 	C:\Program Files\Java\jdk1.8.0_251\jre\bin\server\jvm.dll
0x00007ffd50ba0000 - 0x00007ffd50ba8000 	C:\WINDOWS\System32\PSAPI.DLL
0x00007ffd49320000 - 0x00007ffd49329000 	C:\WINDOWS\SYSTEM32\WSOCK32.dll
0x00007ffd47b90000 - 0x00007ffd47b9a000 	C:\WINDOWS\SYSTEM32\VERSION.dll
0x00007ffd48390000 - 0x00007ffd483b7000 	C:\WINDOWS\SYSTEM32\WINMM.dll
0x00007ffd50d60000 - 0x00007ffd50dcb000 	C:\WINDOWS\System32\WS2_32.dll
0x00007ffd490a0000 - 0x00007ffd490af000 	C:\Program Files\Java\jdk1.8.0_251\jre\bin\verify.dll
0x00007ffd2a420000 - 0x00007ffd2a449000 	C:\Program Files\Java\jdk1.8.0_251\jre\bin\java.dll
0x00007ffd45af0000 - 0x00007ffd45b25000 	C:\Program Files\Java\jdk1.8.0_251\jre\bin\jdwp.dll
0x00007ffd4ab40000 - 0x00007ffd4ab48000 	C:\Program Files\Java\jdk1.8.0_251\jre\bin\npt.dll
0x00007ffd3c700000 - 0x00007ffd3c723000 	C:\Program Files\Java\jdk1.8.0_251\jre\bin\instrument.dll
0x00007ffd31b30000 - 0x00007ffd31b46000 	C:\Program Files\Java\jdk1.8.0_251\jre\bin\zip.dll
0x00007ffd4ee70000 - 0x00007ffd4f5b2000 	C:\WINDOWS\System32\SHELL32.dll
0x00007ffd4c630000 - 0x00007ffd4cdc1000 	C:\WINDOWS\SYSTEM32\windows.storage.dll
0x00007ffd50840000 - 0x00007ffd50b95000 	C:\WINDOWS\System32\combase.dll
0x00007ffd4def0000 - 0x00007ffd4df1c000 	C:\WINDOWS\SYSTEM32\Wldp.dll
0x00007ffd50480000 - 0x00007ffd5052e000 	C:\WINDOWS\System32\SHCORE.dll
0x00007ffd4fd40000 - 0x00007ffd4fd95000 	C:\WINDOWS\System32\shlwapi.dll
0x00007ffd4e490000 - 0x00007ffd4e4af000 	C:\WINDOWS\SYSTEM32\profapi.dll
0x00007ffd4aae0000 - 0x00007ffd4aae9000 	C:\Program Files\Java\jdk1.8.0_251\jre\bin\dt_socket.dll
0x00007ffd2d510000 - 0x00007ffd2d527000 	C:\WINDOWS\system32\napinsp.dll
0x00007ffd2d4f0000 - 0x00007ffd2d50b000 	C:\WINDOWS\system32\pnrpnsp.dll
0x00007ffd48f40000 - 0x00007ffd48f55000 	C:\WINDOWS\system32\wshbth.dll
0x00007ffd4a340000 - 0x00007ffd4a35d000 	C:\WINDOWS\system32\NLAapi.dll
0x00007ffd4d990000 - 0x00007ffd4d9cb000 	C:\WINDOWS\SYSTEM32\IPHLPAPI.DLL
0x00007ffd4dcd0000 - 0x00007ffd4dd3a000 	C:\WINDOWS\System32\mswsock.dll
0x00007ffd4d9e0000 - 0x00007ffd4daac000 	C:\WINDOWS\SYSTEM32\DNSAPI.dll
0x00007ffd50bb0000 - 0x00007ffd50bb8000 	C:\WINDOWS\System32\NSI.dll
0x00007ffd2d4b0000 - 0x00007ffd2d4c2000 	C:\WINDOWS\System32\winrnr.dll
0x00007ffd43980000 - 0x00007ffd439ff000 	C:\WINDOWS\System32\fwpuclnt.dll
0x00007ffd4e6b0000 - 0x00007ffd4e6d7000 	C:\WINDOWS\System32\bcrypt.dll
0x00007ffd43470000 - 0x00007ffd4347a000 	C:\Windows\System32\rasadhlp.dll
0x00007ffd445f0000 - 0x00007ffd445fd000 	C:\Program Files\Java\jdk1.8.0_251\jre\bin\management.dll
0x00007ffd31790000 - 0x00007ffd317aa000 	C:\Program Files\Java\jdk1.8.0_251\jre\bin\net.dll
0x00007ffd1e050000 - 0x00007ffd1e062000 	C:\Program Files\Java\jdk1.8.0_251\jre\bin\nio.dll
0x00007ffd4df30000 - 0x00007ffd4df48000 	C:\WINDOWS\SYSTEM32\CRYPTSP.dll
0x00007ffd4d620000 - 0x00007ffd4d654000 	C:\WINDOWS\system32\rsaenh.dll
0x00007ffd4e450000 - 0x00007ffd4e47e000 	C:\WINDOWS\SYSTEM32\USERENV.dll
0x00007ffd4ecc0000 - 0x00007ffd4ed40000 	C:\WINDOWS\System32\bcryptprimitives.dll
0x00007ffd4de50000 - 0x00007ffd4de5c000 	C:\WINDOWS\SYSTEM32\CRYPTBASE.dll
0x00007ffd479c0000 - 0x00007ffd479d7000 	C:\WINDOWS\SYSTEM32\dhcpcsvc6.DLL
0x00007ffd479a0000 - 0x00007ffd479bd000 	C:\WINDOWS\SYSTEM32\dhcpcsvc.DLL
0x00007ffd46f50000 - 0x00007ffd47134000 	C:\WINDOWS\SYSTEM32\dbghelp.dll

VM Arguments:
jvm_args: -agentlib:jdwp=transport=dt_socket,suspend=y,address=localhost:53262 -Dcom.sun.management.jmxremote -Dcom.sun.management.jmxremote.port=53260 -Dcom.sun.management.jmxremote.authenticate=false -Dcom.sun.management.jmxremote.ssl=false -Djava.rmi.server.hostname=localhost -Dspring.jmx.enabled=true -Dspring.application.admin.enabled=true -Xverify:none -XX:TieredStopAtLevel=1 -Dspring.boot.project.name=RefinitivTechnicalTest -javaagent:C:\Users\dnajerao\eclipse\jee-2020-06\eclipse\configuration\org.eclipse.osgi\413\0\.cp\lib\javaagent-shaded.jar -Dfile.encoding=UTF-8 
java_command: com.dnajerao.RefinitivTechnicalTestApplication
java_class_path (initial): C:\Users\dnajerao\Work\Refinitiv\RefinitivTechnicalTest\target\classes;C:\Users\dnajerao\.m2\repository\org\springframework\boot\spring-boot-starter-data-jpa\2.4.5\spring-boot-starter-data-jpa-2.4.5.jar;C:\Users\dnajerao\.m2\repository\org\springframework\boot\spring-boot-starter-aop\2.4.5\spring-boot-starter-aop-2.4.5.jar;C:\Users\dnajerao\.m2\repository\org\springframework\spring-aop\5.3.6\spring-aop-5.3.6.jar;C:\Users\dnajerao\.m2\repository\org\aspectj\aspectjweaver\1.9.6\aspectjweaver-1.9.6.jar;C:\Users\dnajerao\.m2\repository\org\springframework\boot\spring-boot-starter-jdbc\2.4.5\spring-boot-starter-jdbc-2.4.5.jar;C:\Users\dnajerao\.m2\repository\com\zaxxer\HikariCP\3.4.5\HikariCP-3.4.5.jar;C:\Users\dnajerao\.m2\repository\org\springframework\spring-jdbc\5.3.6\spring-jdbc-5.3.6.jar;C:\Users\dnajerao\.m2\repository\jakarta\transaction\jakarta.transaction-api\1.3.3\jakarta.transaction-api-1.3.3.jar;C:\Users\dnajerao\.m2\repository\jakarta\persistence\jakarta.persistence-api\2.2.3\jakarta.persistence-api-2.2.3.jar;C:\Users\dnajerao\.m2\repository\org\hibernate\hibernate-core\5.4.30.Final\hibernate-core-5.4.30.Final.jar;C:\Users\dnajerao\.m2\repository\org\jboss\logging\jboss-logging\3.4.1.Final\jboss-logging-3.4.1.Final.jar;C:\Users\dnajerao\.m2\repository\org\javassist\javassist\3.27.0-GA\javassist-3.27.0-GA.jar;C:\Users\dnajerao\.m2\repository\net\bytebuddy\byte-buddy\1.10.22\byte-buddy-1.10.22.jar;C:\Users\dnajerao\.m2\repository\antlr\antlr\2.7.7\antlr-2.7.7.jar;C:\Users\dnajerao\.m2\repository\org\jboss\jandex\2.2.3.Final\jandex-2.2.3.Final.jar;C:\Users\dnajerao\.m2\repository\org\dom4j\dom4j\2.1.3\dom4j-2.1.3.jar;C:\Users\dnajerao\.m2\repository\org\hibernate\common\hibernate-commons-annotations\5.1.2.Final\hibernate-commons-annotations-5.1.2.Final.jar;C:\Users\dnajerao\.m2\repository\org\glassfish\jaxb\jaxb-runtime\2.3.4\jaxb-runtime-2.3.4.jar;C:\Users\dnajerao\.m2\repository\org\glassfish\jaxb\txw2\2.3.4\txw2-2.3.4.jar;C:\Use
Launcher Type: SUN_STANDARD

Environment Variables:
JAVA_HOME=C:\Program Files\Java\jdk1.8.0_251
PATH=C:\Program Files\Java\jdk1.8.0_251\jre\bin;C:/Program Files/Java/jdk1.8.0_251/bin/../jre/bin/server;C:/Program Files/Java/jdk1.8.0_251/bin/../jre/bin;C:/Program Files/Java/jdk1.8.0_251/bin/../jre/lib/amd64;C:\software\flutter-sdks\flutter\bin;C:\Program Files\Java\jdk1.8.0_251\bin;C:\software\apache-maven-3.6.3\bin;C:\Python38\Scripts\;C:\Python38\;C:\Program Files (x86)\Common Files\Oracle\Java\javapath;C:\WINDOWS\system32;C:\WINDOWS;C:\WINDOWS\System32\Wbem;C:\WINDOWS\System32\WindowsPowerShell\v1.0\;C:\WINDOWS\System32\OpenSSH\;C:\Program Files\Dart\dart-sdk\bin;C:\Program Files\nodejs\;C:\ProgramData\chocolatey\bin;C:\Program Files\Git\cmd;C:\Users\dnajerao\AppData\Local\Android\Sdk\platform-tools;C:\Program Files\PuTTY\;C:\Program Files\dotnet\;C:\Program Files\Docker\Docker\resources\bin;C:\ProgramData\DockerDesktop\version-bin;C:\Program Files\MySQL\MySQL Shell 8.0\bin\;C:\Users\dnajerao\.windows-build-tools\python27\;C:\Users\dnajerao\AppData\Local\Microsoft\WindowsApps;C:\Users\dnajerao\AppData\Local\Programs\Microsoft VS Code\bin;C:\Users\dnajerao\AppData\Local\GitHubDesktop\bin;C:\Users\dnajerao\AppData\Roaming\npm;C:\Users\dnajerao\AppData\Local\Microsoft\WindowsApps;C:\Users\dnajerao\.dotnet\tools;C:\WINDOWS\system32;
USERNAME=dnajerao
OS=Windows_NT
PROCESSOR_IDENTIFIER=Intel64 Family 6 Model 60 Stepping 3, GenuineIntel



---------------  S Y S T E M  ---------------

OS: Windows 10.0 , 64 bit Build 19041 (10.0.19041.928)

CPU:total 8 (initial active 8) (4 cores per cpu, 2 threads per core) family 6 model 60 stepping 3, cmov, cx8, fxsr, mmx, sse, sse2, sse3, ssse3, sse4.1, sse4.2, popcnt, avx, avx2, aes, clmul, erms, lzcnt, ht, tsc, tscinvbit, bmi1, bmi2

Memory: 4k page, physical 16687384k(5941676k free), swap 19177752k(4953876k free)

vm_info: Java HotSpot(TM) 64-Bit Server VM (25.251-b08) for windows-amd64 JRE (1.8.0_251-b08), built on Mar 12 2020 06:31:49 by "" with MS VC++ 10.0 (VS2010)

time: Wed Apr 28 00:10:48 2021
timezone: Central Daylight Time (Mexico)
elapsed time: 399 seconds (0d 0h 6m 39s)

